<?xml version="1.0" encoding="UTF-8"?>
<testsuite name="HomePage" tests="1" skipped="0" failures="0" errors="0" timestamp="2020-01-14T06:36:17" hostname="Almass-MacBook-Pro.local" time="0.143">
  <properties/>
  <testcase name="UITest" classname="HomePage" time="0.143"/>
  <system-out><![CDATA[[[ChromeDriver: chrome on MAC (59fb790987ac60d68bdb5b38f15270ab)] -> css selector: [id='block-yui_3_17_2_1_1559598408625_34374']]
]]></system-out>
  <system-err><![CDATA[Starting ChromeDriver 78.0.3904.70 (edb9c9f3de0247fd912a77b7f6cae7447f6d3ad5-refs/branch-heads/3904@{#800}) on port 41122
Only local connections are allowed.
Please protect ports used by ChromeDriver and related test frameworks to prevent access by malicious code.
[1578983774.442][WARNING]: This version of ChromeDriver has not been tested with Chrome version 79.
Jan 13, 2020 10:36:14 PM org.openqa.selenium.remote.ProtocolHandshake createSession
INFO: Detected dialect: W3C
]]></system-err>
</testsuite>
