<?xml version="1.0" encoding="UTF-8"?>
<testsuite name="HomePage" tests="1" skipped="0" failures="0" errors="0" timestamp="2020-01-14T05:11:48" hostname="Almass-MacBook-Pro.local" time="7.658">
  <properties/>
  <testcase name="setUp" classname="HomePage" time="7.658"/>
  <system-out><![CDATA[]]></system-out>
  <system-err><![CDATA[Starting ChromeDriver 78.0.3904.70 (edb9c9f3de0247fd912a77b7f6cae7447f6d3ad5-refs/branch-heads/3904@{#800}) on port 43638
Only local connections are allowed.
Please protect ports used by ChromeDriver and related test frameworks to prevent access by malicious code.
[1578978712.829][WARNING]: This version of ChromeDriver has not been tested with Chrome version 79.
Jan 13, 2020 9:11:53 PM org.openqa.selenium.remote.ProtocolHandshake createSession
INFO: Detected dialect: W3C
]]></system-err>
</testsuite>
